C51 COMPILER V9.00   MIAN                                                                  07/14/2017 15:40:28 PAGE 1   


C51 COMPILER V9.00, COMPILATION OF MODULE MIAN
OBJECT MODULE PLACED IN mian.OBJ
COMPILER INVOKED BY: D:\keil4\C51\BIN\C51.EXE mian.c BROWSE DEBUG OBJECTEXTEND

line level    source

   1          /**********************************************************************
   2          作者：套套
   3          邮箱：2011543651@qq.com
   4          功能：用于演示STC15使用tiny51系统的例子
   5                          使用keil官方的Tiny用串口函数进行串口命令读取并回显
   6          
   7          **********************************************************************/
   8          #include <rtx51tny.h>
   9          #include <config.H>
  10          #include <stdio.h>
  11          #include <12864.h>
  12          #include <delay.h>
  13          #include <gpio.h>
  14          #include <iic.h>
  15          #include <pwm.h>
  16          
  17          #define os_enter_critical() ET0=0
  18          #define os_exit_critical()      ET0=1
  19          char temp[17];
  20          uchar i;
  21          
  22          /**********************************************************************
  23                  第一个任务，用于初始化。
  24          **********************************************************************/
  25          void Init() _task_ 0  {                  
  26   1              os_create_task (1);               //创建第一个任务      
  27   1              os_create_task (2);               //创建第二个任务
  28   1              os_create_task (3);               //创建第二个任务
  29   1              gpio();                 
  30   1              Lcd_init();
  31   1              pwmInit();
  32   1              os_delete_task (0);               //初始化完毕，删除自身任务
  33   1      }
  34          
  35          ///**********************************************************************
  36          //      第二个任务，使用按键驱动屏幕显示
  37          //**********************************************************************/
  38          void LED1() _task_ 1{
  39   1              while (1)  {
  40   2                      if(P23 == 0){
  41   3                              os_wait2 (K_TMO, 1);
  42   3                              if(P23 == 0){
  43   4                                      i++;
  44   4                                      if(i >128){
  45   5                                              i = 128;
  46   5                                      }
  47   4                                      setPwmOne(i);
  48   4                                      setPwmTwo(i);
  49   4                                      os_send_signal (3);     
  50   4                              }
  51   3                              while(!P23);
  52   3                      }
  53   2                      if(P24 == 0){
  54   3                              os_wait2 (K_TMO, 1);
  55   3                              if(P24 == 0){
C51 COMPILER V9.00   MIAN                                                                  07/14/2017 15:40:28 PAGE 2   

  56   4                                      i--;
  57   4                                      if(i == 0){
  58   5                                              i = 1;
  59   5                                      }
  60   4                                      setPwmOne(i);
  61   4                                      setPwmTwo(i);
  62   4                                      os_send_signal (3);     
  63   4                              }
  64   3                              while(!P24);
  65   3                      }
  66   2              }
  67   1      }
  68          
  69          /**********************************************************************
  70                  第三个任务，使用12864进行驱动显示按键按下了按键1
  71          **********************************************************************/
  72          void LCD1() _task_ 2{
  73   1              while(1){
  74   2                      ;
  75   2              }
  76   1      }
  77          /**********************************************************************
  78                  第三个任务，使用12864进行LED驱动
  79          **********************************************************************/
  80          void LCD2() _task_ 3{
  81   1              while(1){
  82   2                      os_wait2 (K_SIG, 0);
  83   2                              sprintf(temp, "%u", i);
  84   2                              Lcd_str(1, 0, "                ");
  85   2                              Lcd_str(1, 0, temp);                            //显示内容
  86   2              }
  87   1      }
  88          
  89          
  90          //void main(){
  91          //      Timer1Init();
  92          //      EA = 1;
  93          //      while(1){
  94          //              ;
  95          //      }
  96          //}


MODULE INFORMATION:   STATIC OVERLAYABLE
   CODE SIZE        =    169    ----
   CONSTANT SIZE    =     20    ----
   XDATA SIZE       =   ----    ----
   PDATA SIZE       =   ----    ----
   DATA SIZE        =     18    ----
   IDATA SIZE       =   ----    ----
   BIT SIZE         =   ----    ----
END OF MODULE INFORMATION.


C51 COMPILATION COMPLETE.  0 WARNING(S),  0 ERROR(S)
