C51 COMPILER V9.00   MIAN                                                                  07/17/2017 10:50:11 PAGE 1   


C51 COMPILER V9.00, COMPILATION OF MODULE MIAN
OBJECT MODULE PLACED IN mian.OBJ
COMPILER INVOKED BY: D:\keil4\C51\BIN\C51.EXE mian.c LARGE BROWSE DEBUG OBJECTEXTEND

line level    source

   1          /**********************************************************************
   2          作者：套套
   3          邮箱：2011543651@qq.com
   4          功能：用于演示STC15使用tiny51系统的例子
   5                          使用keil官方的Tiny用串口函数进行串口命令读取并回显
   6          
   7          **********************************************************************/
   8          #include <rtx51tny.h>
   9          #include <config.H>
  10          #include <stdio.h>
  11          #include <12864.h>
  12          #include <delay.h>
  13          #include <gpio.h>
  14          #include <table.h>
  15          
  16          #define os_enter_critical() ET0=0
  17          #define os_exit_critical()      ET0=1
  18          
  19          /**********************************************************************
  20                  第一个任务，用于初始化。
  21          **********************************************************************/
  22          void Init() _task_ 0  {                  
  23   1              gpio();                 
  24   1              Lcd_init();
  25   1              DIS12864M();
  26   1      
  27   1              os_create_task (1);               //创建第一个任务      
  28   1              os_create_task (2);               //创建第二个任务
  29   1              os_create_task (3);               //创建第二个任务
  30   1      
  31   1              os_delete_task (0);               //初始化完毕，删除自身任务
  32   1      }
  33          
  34          ///**********************************************************************
  35          //      第二个任务，使用按键驱动屏幕显示
  36          //**********************************************************************/
  37          void LED1() _task_ 1{
  38   1              while (1)  {
  39   2                      if(P23 == 0){
  40   3                              os_wait2 (K_TMO, 1);
  41   3                              if(P23 == 0){
  42   4                                      MenuUpOneOption();
  43   4                              }
  44   3                              while(!P23);
  45   3                      }
  46   2                      if(P24 == 0){
  47   3                              os_wait2 (K_TMO, 1);
  48   3                              if(P24 == 0){
  49   4                                      MenuEnterOption();      
  50   4                              }
  51   3                              while(!P24);
  52   3                      }
  53   2                      if(P25 == 0){
  54   3                              os_wait2 (K_TMO, 1);
  55   3                              if(P25 == 0){
C51 COMPILER V9.00   MIAN                                                                  07/17/2017 10:50:11 PAGE 2   

  56   4                                      MenuDownOneOption();    
  57   4                              }
  58   3                              while(!P25);
  59   3                      }
  60   2                      if(P26 == 0){
  61   3                              os_wait2 (K_TMO, 1);
  62   3                              if(P26 == 0){
  63   4                                      MenuCancelOption();     
  64   4                              }
  65   3                              while(!P26);
  66   3                      }
  67   2              }
  68   1      }
  69          
  70          /**********************************************************************
  71                  第三个任务，使用12864进行驱动显示按键按下了按键1
  72          **********************************************************************/
  73          void LCD1() _task_ 2{
  74   1              while(1){
  75   2                      ;
  76   2              }
  77   1      }
  78          /**********************************************************************
  79                  第三个任务，使用12864进行LED驱动
  80          **********************************************************************/
  81          void LCD2() _task_ 3{
  82   1              uchar i;
  83   1              uchar i_uper = 0;
  84   1              uchar i_downr = 0;
  85   1              while(1){
  86   2      //              DIS12864M();
  87   2              }
  88   1      }
*** WARNING C280 IN LINE 82 OF MIAN.C: 'i': unreferenced local variable
  89          
  90          
  91          //void main(){
  92          //      Timer1Init();
  93          //      EA = 1;
  94          //      while(1){
  95          //              ;
  96          //      }
  97          //}


MODULE INFORMATION:   STATIC OVERLAYABLE
   CODE SIZE        =    118    ----
   CONSTANT SIZE    =   ----    ----
   XDATA SIZE       =   ----       3
   PDATA SIZE       =   ----    ----
   DATA SIZE        =   ----    ----
   IDATA SIZE       =   ----    ----
   BIT SIZE         =   ----    ----
END OF MODULE INFORMATION.


C51 COMPILATION COMPLETE.  1 WARNING(S),  0 ERROR(S)
