C51 COMPILER V9.00   GETLINE                                                               07/13/2017 16:18:05 PAGE 1   


C51 COMPILER V9.00, COMPILATION OF MODULE GETLINE
OBJECT MODULE PLACED IN GETLINE.OBJ
COMPILER INVOKED BY: D:\keil4\C51\BIN\C51.EXE GETLINE.C BROWSE DEBUG OBJECTEXTEND

line level    source

   1          /******************************************************************************/
   2          /*                                                                            */
   3          /*      GETLINE.C:  Line Edited Character Input                               */
   4          /*                                                                            */
   5          /******************************************************************************/
   6          
   7          #include <usar.h>
   8          #define CNTLQ      0x11
   9          #define CNTLS      0x13
  10          #define DEL        0x7F
  11          #define BACKSPACE  0x08
  12          #define CR         0x0D
  13          #define LF         0x0A
  14          
  15          /***************/
  16          /* Line Editor */
  17          /***************/
  18          void getline (char idata *line, unsigned char n)  {
  19   1        unsigned char cnt = 0;
  20   1        char c;
  21   1      
  22   1        do  {
  23   2          if ((c = getkey ()) == CR)  c = LF;    /* read character                 */
  24   2          if (c == BACKSPACE  ||  c == DEL)  {    /* process backspace              */
  25   3            if (cnt != 0)  {            
  26   4              cnt--;                              /* decrement count                */
  27   4              line--;                             /* and line pointer               */
  28   4              SendData (0x08);                     /* echo backspace                 */
  29   4              SendData (' ');
  30   4              SendData (0x08);
  31   4            }
  32   3          }
  33   2          else if (c != CNTLQ && c != CNTLS && c != LF)  {   /* ignore Control S/Q             */
  34   3            SendData (*line = c);                  /* echo and store character       */
  35   3            line++;                               /* increment line pointer         */
  36   3            cnt++;                                /* and count                      */
  37   3          }
  38   2        }  while (cnt < n - 1  &&  c != LF);      /* check limit and line feed      */
  39   1        *line = 0;                                /* mark end of string             */
  40   1      }


MODULE INFORMATION:   STATIC OVERLAYABLE
   CODE SIZE        =    107    ----
   CONSTANT SIZE    =   ----    ----
   XDATA SIZE       =   ----    ----
   PDATA SIZE       =   ----    ----
   DATA SIZE        =   ----       4
   IDATA SIZE       =   ----    ----
   BIT SIZE         =   ----    ----
END OF MODULE INFORMATION.


C51 COMPILATION COMPLETE.  0 WARNING(S),  0 ERROR(S)
