C51 COMPILER V9.00   DELAY                                                                 07/13/2017 16:59:19 PAGE 1   


C51 COMPILER V9.00, COMPILATION OF MODULE DELAY
OBJECT MODULE PLACED IN delay.OBJ
COMPILER INVOKED BY: D:\keil4\C51\BIN\C51.EXE delay.c BROWSE DEBUG OBJECTEXTEND

line level    source

   1          #include <config.h>
   2          #include <rtx51tny.h>
   3          //os_wait2 (K_TMO, (ms/10));     
   4          /*******************
   5          **功    能：延时N个微秒
   6          **函 数 名：Delayus
   7          **函数入口：无符号整形
   8          *******************/
   9          void Delayus(uint us)
  10          {
  11   1              for(;us>0;us--)
  12   1              {
  13   2                      _nop_();
  14   2                      _nop_();
  15   2                      _nop_();
  16   2              } 
  17   1      }
  18          /*******************
  19          **功    能：延时N个毫秒
  20          **函 数 名：Delayms
  21          **函数入口：无符号整形
  22          *******************/
  23          void Delayms(uint ms)
  24          {
  25   1              unsigned char i, j;
  26   1              for(;ms>0;ms--)
  27   1              {
  28   2                      nop_();
  29   2                      _nop_();
  30   2                      _nop_();
  31   2                      i = 11;
  32   2                      j = 190;
  33   2                      do
  34   2                      {
  35   3                              while (--j);
  36   3                      } while (--i);  
  37   2              }
  38   1      }
  39          /*******************
  40          **功    能：延时N个10微秒
  41          **函 数 名：Delay10us
  42          **函数入口：无符号整形
  43          *******************/
  44          void Delay10us(uint us)
  45          {
  46   1              unsigned char i;
  47   1      
  48   1              for(;us>0;us--)
  49   1              {
  50   2                      _nop_();
  51   2                      i = 25;
  52   2                      while (--i);
  53   2              }
  54   1      }
  55          /*******************
C51 COMPILER V9.00   DELAY                                                                 07/13/2017 16:59:19 PAGE 2   

  56          **功    能：延时N个10毫秒
  57          **函 数 名：Delay10ms
  58          **函数入口：无符号整形
  59          *******************/
  60          void Delay10ms(uint ms)
  61          {
  62   1              unsigned char i, j;
  63   1      
  64   1              for(;ms>0;ms--)
  65   1              {
  66   2                      i = 108;
  67   2                      j = 145;
  68   2                      do
  69   2                      {
  70   3                              while (--j);
  71   3                      } while (--i);  
  72   2              }
  73   1      }
  74          /*******************
  75          **功    能：延时N个微秒
  76          **函 数 名：Delay100us
  77          **函数入口：无符号整形
  78          *******************/
  79          void Delay100us(uint us)
  80          {
  81   1              unsigned char i, j;
  82   1      
  83   1              for(;us>0;us--)
  84   1              {
  85   2                      _nop_();
  86   2                      _nop_();
  87   2                      i = 2;
  88   2                      j = 15;
  89   2                      do
  90   2                      {
  91   3                              while (--j);
  92   3                      } while (--i);
  93   2              }
  94   1      }
  95          /*******************
  96          **功    能：延时N个毫秒
  97          **函 数 名：Delay100ms
  98          **函数入口：无符号整形
  99          *******************/
 100          void Delay100ms(uint ms)
 101          {
 102   1              unsigned char i, j,k;
 103   1      
 104   1              for(;ms>0;ms--)
 105   1              {
 106   2                      _nop_();
 107   2                      _nop_();
 108   2                      i = 5;
 109   2                      j = 52;
 110   2                      k = 195;
 111   2                      do
 112   2                      {
 113   3                              do
 114   3                              {
 115   4                                      while (--k);
 116   4                              } while (--j);
 117   3                      } while (--i);  
C51 COMPILER V9.00   DELAY                                                                 07/13/2017 16:59:19 PAGE 3   

 118   2              }
 119   1      }


MODULE INFORMATION:   STATIC OVERLAYABLE
   CODE SIZE        =    153    ----
   CONSTANT SIZE    =   ----    ----
   XDATA SIZE       =   ----    ----
   PDATA SIZE       =   ----    ----
   DATA SIZE        =   ----    ----
   IDATA SIZE       =   ----    ----
   BIT SIZE         =   ----    ----
END OF MODULE INFORMATION.


C51 COMPILATION COMPLETE.  0 WARNING(S),  0 ERROR(S)
