C51 COMPILER V9.00   MIAN                                                                  07/13/2017 16:59:19 PAGE 1   


C51 COMPILER V9.00, COMPILATION OF MODULE MIAN
OBJECT MODULE PLACED IN mian.OBJ
COMPILER INVOKED BY: D:\keil4\C51\BIN\C51.EXE mian.c BROWSE DEBUG OBJECTEXTEND

line level    source

   1          /**********************************************************************
   2          作者：套套
   3          邮箱：2011543651@qq.com
   4          功能：用于演示STC15使用tiny51系统的例子
   5                          使用keil官方的Tiny用串口函数进行串口命令读取并回显
   6          
   7          **********************************************************************/
   8          #include <rtx51tny.h>
   9          #include <config.H>
  10          #include <stdio.h>
  11          #include <12864.h>
  12          #include <delay.h>
  13          
  14          #define os_enter_critical() ET0=0
  15          #define os_exit_critical()      ET0=1
  16          
  17          uchar idata inline[16] = "JKLJK";
  18          char code menu[] = "\nCommand: ";
  19          
  20          
  21          /**********************************************************************
  22                  第一个任务，用于初始化。
  23          **********************************************************************/
  24          void Init() _task_ 0  {                  
  25   1              os_create_task (1);               //创建第一个任务      
  26   1              os_create_task (2);               //创建第二个任务
  27   1              os_create_task (3);               //创建第二个任务                      
  28   1              Lcd_init();
  29   1              Lcd_str(0, 0, "1 OFF!");
  30   1              Lcd_str(1, 0, "2 OFF!");
  31   1              os_delete_task (0);               //初始化完毕，删除自身任务
  32   1      }
  33          
  34          ///**********************************************************************
  35          //      第二个任务，使用按键驱动屏幕显示
  36          //**********************************************************************/
  37          void LED1() _task_ 1{
  38   1              while (1)  {
  39   2                      if(P32 == 0){
  40   3                              os_wait2 (K_TMO, 1);
  41   3                              if(P32 == 0){
  42   4                                      os_send_signal (2);     
  43   4                              }
  44   3                              while(!P32);
  45   3                              Lcd_str(0, 0, "                ");
  46   3                              Lcd_str(0, 0, "1 OFF!");                                //显示内容
  47   3                      }
  48   2                      if(P33 == 0){
  49   3                              os_wait2 (K_TMO, 1);
  50   3                              if(P33 == 0){
  51   4                                      os_send_signal (3);     
  52   4                              }
  53   3                              while(!P33);
  54   3                              Lcd_str(1, 0, "                ");
  55   3                              Lcd_str(1, 0, "2 OFF!");                                //显示内容
C51 COMPILER V9.00   MIAN                                                                  07/13/2017 16:59:19 PAGE 2   

  56   3                      }
  57   2              }
  58   1      }
  59          
  60          /**********************************************************************
  61                  第三个任务，使用12864进行驱动显示按键按下了
  62          **********************************************************************/
  63          void LCD1() _task_ 2{
  64   1              while(1){
  65   2                      os_wait2 (K_SIG, 0);
  66   2                      Lcd_str(0, 0, "                ");
  67   2                      Lcd_str(0, 0, "1 ON!");                         //显示内容
  68   2                      P11 = ~P11;
  69   2              }
  70   1      }
  71          /**********************************************************************
  72                  第三个任务，使用12864进行驱动
  73          **********************************************************************/
  74          void LCD2() _task_ 3{
  75   1              while(1){
  76   2                      os_wait2 (K_SIG, 0);
  77   2                      Lcd_str(1, 0, "                ");
  78   2                      Lcd_str(1, 0, "2 ON!");                         //显示内容
  79   2                      P11 = ~P11;
  80   2              }
  81   1      }
  82          
  83          
  84          //void main(){
  85          //      Timer1Init();
  86          //      EA = 1;
  87          //      while(1){
  88          //              ;
  89          //      }
  90          //}


MODULE INFORMATION:   STATIC OVERLAYABLE
   CODE SIZE        =    214    ----
   CONSTANT SIZE    =     54    ----
   XDATA SIZE       =   ----    ----
   PDATA SIZE       =   ----    ----
   DATA SIZE        =   ----    ----
   IDATA SIZE       =     16    ----
   BIT SIZE         =   ----    ----
END OF MODULE INFORMATION.


C51 COMPILATION COMPLETE.  0 WARNING(S),  0 ERROR(S)
