C51 COMPILER V9.00   MIAN                                                                  07/14/2017 11:52:14 PAGE 1   


C51 COMPILER V9.00, COMPILATION OF MODULE MIAN
OBJECT MODULE PLACED IN mian.OBJ
COMPILER INVOKED BY: D:\keil4\C51\BIN\C51.EXE mian.c BROWSE DEBUG OBJECTEXTEND

line level    source

   1          /**********************************************************************
   2          作者：套套
   3          邮箱：2011543651@qq.com
   4          功能：用于演示STC15使用tiny51系统的例子
   5                          使用keil官方的Tiny用串口函数进行串口命令读取并回显
   6          
   7          **********************************************************************/
   8          #include <rtx51tny.h>
   9          #include <config.H>
  10          #include <stdio.h>
  11          #include <12864.h>
  12          #include <delay.h>
  13          #include <gpio.h>
  14          #include <iic.h>
  15          #include <usar.h>
  16          #include <stdlib.h>
  17          
  18          #define os_enter_critical() ET0=0
  19          #define os_exit_critical()      ET0=1
  20          char temp[17];
  21          
  22          
  23          /**********************************************************************
  24                  第一个任务，用于初始化。
  25          **********************************************************************/
  26          void Init() _task_ 0  {                  
  27   1              os_create_task (1);               //创建第一个任务      
  28   1              os_create_task (2);               //创建第二个任务
  29   1              os_create_task (3);               //创建第二个任务
  30   1              gpio();                 
  31   1              Lcd_init();
  32   1              UartInit();
  33   1              Lcd_str(0, 0, "1 OFF!");
  34   1              Lcd_str(1, 0, "2 OFF!");
  35   1              os_delete_task (0);               //初始化完毕，删除自身任务
  36   1      }
  37          
  38          ///**********************************************************************
  39          //      第二个任务，使用按键驱动屏幕显示
  40          //**********************************************************************/
  41          void LED1() _task_ 1{
  42   1              while (1)  {
  43   2                      if(P24 == 0){
  44   3                              os_wait2 (K_TMO, 1);
  45   3                              if(P24 == 0){
  46   4                                      os_send_signal (3);     
  47   4                              }
  48   3                              while(!P24);
  49   3                      }
  50   2              }
  51   1      }
  52          
  53          /**********************************************************************
  54                  第三个任务，使用12864进行驱动显示按键按下了按键1
  55          **********************************************************************/
C51 COMPILER V9.00   MIAN                                                                  07/14/2017 11:52:14 PAGE 2   

  56          void LCD1() _task_ 2{
  57   1              while(1){
  58   2                      uchar ad_value;
  59   2                      int i;
  60   2                      ad_value=ADC_read(0x41);
  61   2                      i = i|ad_value;
  62   2                      i = i&ad_value;
  63   2                      sprintf(temp, "adc:%d", i);
  64   2                      Lcd_str(0, 0, temp);                            //显示内容
  65   2                      SendData(ad_value);
  66   2                      os_wait2 (K_TMO, 1);
  67   2              }
  68   1      }
  69          /**********************************************************************
  70                  第三个任务，使用12864进行LED驱动
  71          **********************************************************************/
  72          void LCD2() _task_ 3{
  73   1              while(1){
  74   2                      os_wait2 (K_SIG, 0);
  75   2                              P1 = ~0x01;
  76   2                              Lcd_str(1, 0, "                ");
  77   2                              Lcd_str(1, 0, "状态1!");                                //显示内容
  78   2                      os_wait2 (K_SIG, 0);
  79   2                              P1 = ~0x02;
  80   2                              Lcd_str(1, 0, "                ");
  81   2                              Lcd_str(1, 0, "状态2!");                                //显示内容
  82   2                      os_wait2 (K_SIG, 0);
  83   2                              P1 = ~0x04;
  84   2                              Lcd_str(1, 0, "                ");
  85   2                              Lcd_str(1, 0, "状态3!");                                //显示内容
  86   2                      os_wait2 (K_SIG, 0);
  87   2                              P1 = ~0x08;
  88   2                              Lcd_str(1, 0, "                ");
  89   2                              Lcd_str(1, 0, "状态4!");                                //显示内容
  90   2              }
  91   1      }
  92          
  93          
  94          //void main(){
  95          //      Timer1Init();
  96          //      EA = 1;
  97          //      while(1){
  98          //              ;
  99          //      }
 100          //}


MODULE INFORMATION:   STATIC OVERLAYABLE
   CODE SIZE        =    291    ----
   CONSTANT SIZE    =     66    ----
   XDATA SIZE       =   ----    ----
   PDATA SIZE       =   ----    ----
   DATA SIZE        =     17       3
   IDATA SIZE       =   ----    ----
   BIT SIZE         =   ----    ----
END OF MODULE INFORMATION.


C51 COMPILATION COMPLETE.  0 WARNING(S),  0 ERROR(S)
