C51 COMPILER V9.00   USAR                                                                  07/14/2017 11:52:15 PAGE 1   


C51 COMPILER V9.00, COMPILATION OF MODULE USAR
OBJECT MODULE PLACED IN usar.OBJ
COMPILER INVOKED BY: D:\keil4\C51\BIN\C51.EXE usar.c BROWSE DEBUG OBJECTEXTEND

line level    source

   1          #include <config.h>
   2          #include <usar.h>
   3          
   4          bit busy = 0;
   5          bit uart_get_flag = 0;
   6          char uart_get_data = 0;
   7          
   8          #define  ILEN  8
   9          unsigned char  istart;         
  10          unsigned char  iend;       
  11          idata    char  inbuf[ILEN];
  12          
  13          char getkey ()  {    
  14   1              while  (iend == istart);
  15   1              return (inbuf[istart++ & (ILEN-1)]);  
  16   1      }
  17          
  18          
  19          void uart_isr() interrupt 4{
  20   1              unsigned char c;
  21   1              if(RI){
  22   2                      RI = 0;
  23   2                      c = SBUF;
  24   2              if (istart + ILEN != iend)  {
  25   3                inbuf[iend++ & (ILEN-1)] = c;
  26   3              }
  27   2              }
  28   1              if(TI){
  29   2                      TI = 0;
  30   2                      busy = 0;
  31   2              }
  32   1      }
  33          
  34          void SendData(char dat){
  35   1              while(busy);
  36   1              busy = 1;
  37   1              SBUF = dat;
  38   1      }
  39          
  40          void SendString(char *s){
  41   1              while(*s){
  42   2                      SendData(*s++);
  43   2              }
  44   1      }
  45          
  46          void UartInit(void)             //9600bps@11.0592MHz
  47          {
  48   1              SCON = 0x50;            //8位数据,可变波特率
  49   1              AUXR |= 0x40;           //定时器1时钟为Fosc,即1T
  50   1              AUXR &= 0xFE;           //串口1选择定时器1为波特率发生器
  51   1              TMOD &= 0x0F;           //设定定时器1为16位自动重装方式
  52   1              TL1 = 0xE0;             //设定定时初值
  53   1              TH1 = 0xFE;             //设定定时初值
  54   1              ET1 = 0;                //禁止定时器1中断
  55   1              TR1 = 1;                //启动定时器1
C51 COMPILER V9.00   USAR                                                                  07/14/2017 11:52:15 PAGE 2   

  56   1              ES = 1;
  57   1              PS = 1;
  58   1      }


MODULE INFORMATION:   STATIC OVERLAYABLE
   CODE SIZE        =    165    ----
   CONSTANT SIZE    =   ----    ----
   XDATA SIZE       =   ----    ----
   PDATA SIZE       =   ----    ----
   DATA SIZE        =      3       3
   IDATA SIZE       =      8    ----
   BIT SIZE         =      2    ----
END OF MODULE INFORMATION.


C51 COMPILATION COMPLETE.  0 WARNING(S),  0 ERROR(S)
