C51 COMPILER V9.00   MIAN                                                                  07/12/2017 14:42:40 PAGE 1   


C51 COMPILER V9.00, COMPILATION OF MODULE MIAN
OBJECT MODULE PLACED IN mian.OBJ
COMPILER INVOKED BY: D:\keil4\C51\BIN\C51.EXE mian.c BROWSE DEBUG OBJECTEXTEND

line level    source

   1          #include <rtx51tny.h>
   2          #include <STC12C5A60S2.H>
   3          
   4          void Timer1Init(void)           //1毫秒@12.000MHz
   5          {
   6   1              AUXR &= 0xBF;           //定时器时钟12T模式
   7   1              TMOD &= 0x0F;           //设置定时器模式
   8   1              TL1 = 0x66;             //设置定时初值
   9   1              TH1 = 0xFC;             //设置定时初值
  10   1              TF1 = 0;                //清除TF1标志
  11   1              TR1 = 1;                //定时器1开始计时
  12   1              ET1 = 1;
  13   1      }
  14          
  15          
  16          void job0() _task_ 0  {                  
  17   1              os_create_task (1);
  18   1              os_create_task (2);
  19   1              Timer1Init();
  20   1      
  21   1              os_delete_task (0);
  22   1      }
  23          
  24          void LED1() _task_ 1{
  25   1              while (1)  {
  26   2                      ET0 = 0; 
  27   2                      P10 = ~P10;
  28   2                      ET0 = 1;
  29   2                      os_wait2 (K_TMO, 45);
  30   2              }
  31   1      }
  32          
  33          
  34          void LED2() _task_ 2{
  35   1              
  36   1              while(1){
  37   2                      P11 = ~P11;
  38   2                      os_wait2 (K_TMO, 45);           
  39   2              }
  40   1      }
  41          
  42          void Timer1() interrupt 3{
  43   1              static int i;
  44   1              i++;
  45   1              if(i == 500){
  46   2                      i = 0;
  47   2                      P13 = ~P13; 
  48   2              }       
  49   1      }
  50          
  51          //void main(){
  52          //      Timer1Init();
  53          //      EA = 1;
  54          //      while(1){
  55          //              ;
C51 COMPILER V9.00   MIAN                                                                  07/12/2017 14:42:40 PAGE 2   

  56          //      }
  57          //}


MODULE INFORMATION:   STATIC OVERLAYABLE
   CODE SIZE        =     96    ----
   CONSTANT SIZE    =   ----    ----
   XDATA SIZE       =   ----    ----
   PDATA SIZE       =   ----    ----
   DATA SIZE        =      2    ----
   IDATA SIZE       =   ----    ----
   BIT SIZE         =   ----    ----
END OF MODULE INFORMATION.


C51 COMPILATION COMPLETE.  0 WARNING(S),  0 ERROR(S)
