C51 COMPILER V9.00   PID                                                                   07/16/2017 18:51:59 PAGE 1   


C51 COMPILER V9.00, COMPILATION OF MODULE PID
OBJECT MODULE PLACED IN pid.OBJ
COMPILER INVOKED BY: D:\keil4\C51\BIN\C51.EXE pid.c BROWSE DEBUG OBJECTEXTEND

line level    source

   1          #include <config.h>
   2          #include <pid.h>
   3          
   4          float M2PID_SetPoint;
   5          float M2PID_SumError;
   6          float M2PID_LastError;
   7          
   8          uint PID_M2_PosLocCalc(float NextPoint)
   9          {
  10   1              register float  iError,dError;  
  11   1              float M2PID_Proportion=80,M2PID_Integral=0.01,M2PID_Derivative=5;//130,0.012,10
  12   1      
  13   1              iError = M2PID_SetPoint - NextPoint;     
  14   1              M2PID_SumError += iError;                                 
  15   1              if(M2PID_SumError > 800.0)                              
  16   1                      M2PID_SumError = 800.0;
  17   1              else if(M2PID_SumError < -800.0)
  18   1                      M2PID_SumError = -800.0;        
  19   1              dError = iError - M2PID_LastError;                      // ¦Ì¡À?¡ã?¡é¡¤?
  20   1              M2PID_LastError = iError;
  21   1              
  22   1              return(uint)(  M2PID_Proportion * iError                // ¡À¨¨¨¤y??
  23   1                                  + M2PID_Integral   * M2PID_SumError                 // ?y¡¤???
  24   1                                  + M2PID_Derivative * dError);
  25   1      }


MODULE INFORMATION:   STATIC OVERLAYABLE
   CODE SIZE        =    299    ----
   CONSTANT SIZE    =   ----    ----
   XDATA SIZE       =   ----    ----
   PDATA SIZE       =   ----    ----
   DATA SIZE        =     12      24
   IDATA SIZE       =   ----    ----
   BIT SIZE         =   ----    ----
END OF MODULE INFORMATION.


C51 COMPILATION COMPLETE.  0 WARNING(S),  0 ERROR(S)
