C51 COMPILER V9.00   MIAN                                                                  07/13/2017 16:18:04 PAGE 1   


C51 COMPILER V9.00, COMPILATION OF MODULE MIAN
OBJECT MODULE PLACED IN mian.OBJ
COMPILER INVOKED BY: D:\keil4\C51\BIN\C51.EXE mian.c BROWSE DEBUG OBJECTEXTEND

line level    source

   1          /**********************************************************************
   2          作者：套套
   3          邮箱：2011543651@qq.com
   4          功能：用于演示STC15使用tiny51系统的例子
   5                          使用keil官方的Tiny用串口函数进行串口命令读取并回显
   6          
   7          **********************************************************************/
   8          #include <rtx51tny.h>
   9          #include <config.H>
  10          #include <stdio.h>
  11          #include <usar.h>
  12          #include <12864.h>
  13          #include <delay.h>
  14          
  15          #define os_enter_critical() ET0=0
  16          #define os_exit_critical()      ET0=1
  17          
  18          uchar idata inline[16] = "JKLJK";
  19          char code menu[] = "\nCommand: ";
  20          
  21          
  22          /**********************************************************************
  23                  第一个任务，用于初始化。
  24          **********************************************************************/
  25          void Init() _task_ 0  {                  
  26   1              os_create_task (1);               //创建第一个任务      
  27   1              os_create_task (2);               //创建第二个任务              
  28   1              UartInit();                               //进行串口的初始化    
  29   1              Lcd_init();
  30   1              os_delete_task (0);               //初始化完毕，删除自身任务
  31   1      }
  32          
  33          ///**********************************************************************
  34          //      第二个任务，使用keil官方的Tiny用串口函数进行串口命令读取并回显
  35          //**********************************************************************/
  36          void LED1() _task_ 1{
  37   1              while (1)  {
  38   2                      SendString("send data:");
  39   2                      getline (&inline, sizeof (inline));     //此处读取串口会自动调用putchar进行回显
  40   2                      os_send_signal (2);                                     //注意，请勿在printf中调用inline，会造成资源冲突
  41   2                      SendString ("getData\n\r");
  42   2              }
  43   1      }
  44          
  45          /**********************************************************************
  46                  第三个任务，使用12864进行驱动
  47          **********************************************************************/
  48          void LCD12864() _task_ 2{
  49   1              static uchar i; 
  50   1              while(1){
  51   2                      os_wait2 (K_SIG, 0);
  52   2                      Lcd_str(i, 0, "                ");
  53   2                      Lcd_str(i, 0, inline);                          //显示内容
  54   2                      P11 = ~P11;
  55   2                      //计数增加限制
C51 COMPILER V9.00   MIAN                                                                  07/13/2017 16:18:04 PAGE 2   

  56   2                      i++;
  57   2                      if(i == 4){
  58   3                              i = 0;
  59   3                      }
  60   2              }
  61   1      }
  62          
  63          
  64          
  65          //void main(){
  66          //      Timer1Init();
  67          //      EA = 1;
  68          //      while(1){
  69          //              ;
  70          //      }
  71          //}


MODULE INFORMATION:   STATIC OVERLAYABLE
   CODE SIZE        =    100    ----
   CONSTANT SIZE    =     49    ----
   XDATA SIZE       =   ----    ----
   PDATA SIZE       =   ----    ----
   DATA SIZE        =      1    ----
   IDATA SIZE       =     16    ----
   BIT SIZE         =   ----    ----
END OF MODULE INFORMATION.


C51 COMPILATION COMPLETE.  0 WARNING(S),  0 ERROR(S)
