C51 COMPILER V9.00   PWM                                                                   07/15/2017 19:40:38 PAGE 1   


C51 COMPILER V9.00, COMPILATION OF MODULE PWM
OBJECT MODULE PLACED IN pwm.OBJ
COMPILER INVOKED BY: D:\keil4\C51\BIN\C51.EXE pwm.c BROWSE INCDIR(.\ZLG_GUI;.\) DEBUG OBJECTEXTEND

line level    source

   1          #include <config.h>
   2          #include <pwm.h>
   3          sfr P_SW1       = 0xA2;             //外设功能切换寄存器1
   4          
   5          void pwmInit(){
   6   1              
   7   1          ACC = P_SW1;
   8   1          ACC &= ~(CCP_S0 | CCP_S1);      //CCP_S0=0 CCP_S1=0
   9   1          P_SW1 = ACC;                    //(P1.2/ECI, P1.1/CCP0, P1.0/CCP1, P3.7/CCP2)
  10   1      
  11   1          CCON = 0;                       //初始化PCA控制寄存器
  12   1                                          //PCA定时器停止
  13   1                                          //清除CF标志
  14   1                                          //清除模块中断标志
  15   1          CL = 0;                         //复位PCA寄存器
  16   1          CH = 0;
  17   1          CMOD = 0x02;                    //设置PCA时钟源
  18   1                                          //禁止PCA定时器溢出中断
  19   1          PCA_PWM0 = 0x00;                //PCA模块0工作于8位PWM
  20   1          CCAP0H = CCAP0L = 0x20;         //PWM0的占空比为87.5% ((100H-20H)/100H)
  21   1          CCAPM0 = 0x42;                  //PCA模块0为8位PWM模式
  22   1      
  23   1          PCA_PWM1 = 0x40;                //PCA模块1工作于7位PWM
  24   1          CCAP1H = CCAP1L = 0x20;         //PWM1的占空比为75% ((80H-20H)/80H)
  25   1          CCAPM1 = 0x42;                  //PCA模块1为7位PWM模式
  26   1      
  27   1      
  28   1          CR = 1;                         //PCA定时器开始工作
  29   1          
  30   1      }
  31          
  32          void setPwmOne(uchar i){
  33   1              CCAP0H = CCAP0L = i;
  34   1      }
  35          void setPwmTwo(uchar i){
  36   1              CCAP1H = CCAP1L = i;
  37   1      }
  38          


MODULE INFORMATION:   STATIC OVERLAYABLE
   CODE SIZE        =     52    ----
   CONSTANT SIZE    =   ----    ----
   XDATA SIZE       =   ----    ----
   PDATA SIZE       =   ----    ----
   DATA SIZE        =   ----    ----
   IDATA SIZE       =   ----    ----
   BIT SIZE         =   ----    ----
END OF MODULE INFORMATION.


C51 COMPILATION COMPLETE.  0 WARNING(S),  0 ERROR(S)
